#
# There is insufficient memory for the Java Runtime Environment to continue.
# Native memory allocation (mmap) failed to map 331350016 bytes for G1 virtual space
# Possible reasons:
#   The system is out of physical RAM or swap space
#   The process is running with CompressedOops enabled, and the Java Heap may be blocking the growth of the native heap
# Possible solutions:
#   Reduce memory load on the system
#   Increase physical memory or swap space
#   Check if swap backing store is full
#   Decrease Java heap size (-Xmx/-Xms)
#   Decrease number of Java threads
#   Decrease Java thread stack sizes (-Xss)
#   Set larger code cache with -XX:ReservedCodeCacheSize=
#   JVM is running with Zero Based Compressed Oops mode in which the Java heap is
#     placed in the first 32GB address space. The Java Heap base address is the
#     maximum limit for the native heap growth. Please use -XX:HeapBaseMinAddress
#     to set the Java Heap base and to place the Java Heap above 32GB virtual address.
# This output file may be truncated or incomplete.
#
#  Out of Memory Error (os_windows.cpp:3528), pid=14324, tid=14212
#
# JRE version:  (20.0.2+9) (build )
# Java VM: Java HotSpot(TM) 64-Bit Server VM (20.0.2+9-78, mixed mode, sharing, tiered, compressed oops, compressed class ptrs, g1 gc, windows-amd64)
# No core dump will be written. Minidumps are not enabled by default on client versions of Windows
#

---------------  S U M M A R Y ------------

Command Line: -Dfile.encoding=UTF-8 --module-path=E:\Java-2023\Java-Projects\Travel-Tourism\build\classes travel.tourism.Dashboard

Host: 11th Gen Intel(R) Core(TM) i3-1115G4 @ 3.00GHz, 4 cores, 19G,  Windows 11 , 64 bit Build 22621 (10.0.22621.2428)
Time: Wed Oct 25 01:02:21 2023 Bangladesh Standard Time elapsed time: 0.011878 seconds (0d 0h 0m 0s)

---------------  T H R E A D  ---------------

Current thread (0x0000028e60017270):  JavaThread "Unknown thread" [_thread_in_vm, id=14212, stack(0x000000adbb100000,0x000000adbb200000)]

Stack: [0x000000adbb100000,0x000000adbb200000]
Native frames: (J=compiled Java code, j=interpreted, Vv=VM code, C=native code)
V  [jvm.dll+0x6bc25a]
V  [jvm.dll+0x84971a]
V  [jvm.dll+0x84b315]
V  [jvm.dll+0x84ba13]
V  [jvm.dll+0x280e4f]
V  [jvm.dll+0x6b8fe9]
V  [jvm.dll+0x6adbca]
V  [jvm.dll+0x35b165]
V  [jvm.dll+0x363386]
V  [jvm.dll+0x3b400e]
V  [jvm.dll+0x3b4295]
V  [jvm.dll+0x32b86a]
V  [jvm.dll+0x32c68b]
V  [jvm.dll+0x8123df]
V  [jvm.dll+0x3c1261]
V  [jvm.dll+0x7fe103]
V  [jvm.dll+0x44ccaf]
V  [jvm.dll+0x44e621]
C  [jli.dll+0x5287]
C  [ucrtbase.dll+0x29363]
C  [KERNEL32.DLL+0x1257d]
C  [ntdll.dll+0x5aa78]


---------------  P R O C E S S  ---------------

Threads class SMR info:
_java_thread_list=0x00007ffb34d4b118, length=0, elements={
}

Java Threads: ( => current thread )

Other Threads:
  0x0000028e60091fa0 WorkerThread "GC Thread#0" [stack: 0x000000adbb200000,0x000000adbb300000] [id=12204]
  0x0000028e6009cb00 ConcurrentGCThread "G1 Main Marker" [stack: 0x000000adbb300000,0x000000adbb400000] [id=13980]
  0x0000028e6009d440 WorkerThread "G1 Conc#0" [stack: 0x000000adbb400000,0x000000adbb500000] [id=13164]

[error occurred during error reporting (printing all threads), id 0xc0000005, EXCEPTION_ACCESS_VIOLATION (0xc0000005) at pc=0x00007ffb3452eea7]
VM state: not at safepoint (not fully initialized)

VM Mutex/Monitor currently owned by a thread:  ([mutex/lock_event])
[0x0000028e60013200] Heap_lock - owner thread: 0x0000028e60017270

Heap address: 0x00000006c5800000, size: 5032 MB, Compressed Oops mode: Zero based, Oop shift amount: 3

CDS archive(s) mapped at: [0x0000000000000000-0x0000000000000000-0x0000000000000000), size 0, SharedBaseAddress: 0x0000000800000000, ArchiveRelocationMode: 1.
Narrow klass base: 0x0000000000000000, Narrow klass shift: 0, Narrow klass range: 0x0

GC Precious Log:
 CardTable entry size: 512
 Card Set container configuration: InlinePtr #cards 4 size 8 Array Of Cards #cards 32 size 80 Howl #buckets 8 coarsen threshold 7372 Howl Bitmap #cards 1024 size 144 coarsen threshold 921 Card regions per heap region 1 cards per card region 8192

Heap:
 garbage-first heap   total 0K, used 0K [0x00000006c5800000, 0x0000000800000000)
  region size 4096K, 0 young (0K), 0 survivors (0K)

[error occurred during error reporting (printing heap information), id 0xc0000005, EXCEPTION_ACCESS_VIOLATION (0xc0000005) at pc=0x00007ffb349047b9]
GC Heap History (0 events):
No events

Dll operation events (1 events):
Event: 0.006 Loaded shared library C:\Program Files\Java\jdk-20\bin\java.dll

Deoptimization events (0 events):
No events

Classes loaded (0 events):
No events

Classes unloaded (0 events):
No events

Classes redefined (0 events):
No events

Internal exceptions (0 events):
No events

VM Operations (0 events):
No events

Events (0 events):
No events


Dynamic libraries:
0x00007ff7d78b0000 - 0x00007ff7d78c0000 	C:\Program Files\Java\jdk-20\bin\java.exe
0x00007ffbe86d0000 - 0x00007ffbe88e7000 	C:\WINDOWS\SYSTEM32\ntdll.dll
0x00007ffbe7f20000 - 0x00007ffbe7fe4000 	C:\WINDOWS\System32\KERNEL32.DLL
0x00007ffbe6080000 - 0x00007ffbe6426000 	C:\WINDOWS\System32\KERNELBASE.dll
0x00007ffbe5f60000 - 0x00007ffbe6071000 	C:\WINDOWS\System32\ucrtbase.dll
0x00007ffb35750000 - 0x00007ffb3576b000 	C:\Program Files\Java\jdk-20\bin\VCRUNTIME140.dll
0x00007ffbde290000 - 0x00007ffbde2a9000 	C:\Program Files\Java\jdk-20\bin\jli.dll
0x00007ffbe70b0000 - 0x00007ffbe7160000 	C:\WINDOWS\System32\ADVAPI32.dll
0x00007ffbe6da0000 - 0x00007ffbe6e47000 	C:\WINDOWS\System32\msvcrt.dll
0x00007ffbe8060000 - 0x00007ffbe8106000 	C:\WINDOWS\System32\sechost.dll
0x00007ffbe7300000 - 0x00007ffbe7417000 	C:\WINDOWS\System32\RPCRT4.dll
0x00007ffbe7680000 - 0x00007ffbe782d000 	C:\WINDOWS\System32\USER32.dll
0x00007ffbe5cd0000 - 0x00007ffbe5cf6000 	C:\WINDOWS\System32\win32u.dll
0x00007ffbe7830000 - 0x00007ffbe7859000 	C:\WINDOWS\System32\GDI32.dll
0x00007ffbe5bb0000 - 0x00007ffbe5cc8000 	C:\WINDOWS\System32\gdi32full.dll
0x00007ffbe5a50000 - 0x00007ffbe5aea000 	C:\WINDOWS\System32\msvcp_win.dll
0x00007ffbc8760000 - 0x00007ffbc89f3000 	C:\WINDOWS\WinSxS\amd64_microsoft.windows.common-controls_6595b64144ccf1df_6.0.22621.2361_none_2712ced57382f843\COMCTL32.dll
0x00007ffbdab60000 - 0x00007ffbdab6a000 	C:\WINDOWS\SYSTEM32\VERSION.dll
0x00007ffbe7860000 - 0x00007ffbe7891000 	C:\WINDOWS\System32\IMM32.DLL
0x00007ffb35730000 - 0x00007ffb3573c000 	C:\Program Files\Java\jdk-20\bin\vcruntime140_1.dll
0x00007ffb33e30000 - 0x00007ffb33ebe000 	C:\Program Files\Java\jdk-20\bin\msvcp140.dll
0x00007ffb341f0000 - 0x00007ffb34e88000 	C:\Program Files\Java\jdk-20\bin\server\jvm.dll
0x00007ffb35740000 - 0x00007ffb35749000 	C:\WINDOWS\SYSTEM32\WSOCK32.dll
0x00007ffbd8f70000 - 0x00007ffbd8fa4000 	C:\WINDOWS\SYSTEM32\WINMM.dll
0x00007ffbe7ea0000 - 0x00007ffbe7f11000 	C:\WINDOWS\System32\WS2_32.dll
0x00007ffbe4a10000 - 0x00007ffbe4a28000 	C:\WINDOWS\SYSTEM32\kernel.appcore.dll
0x00007ffb356e0000 - 0x00007ffb356ea000 	C:\Program Files\Java\jdk-20\bin\jimage.dll
0x00007ffbe3340000 - 0x00007ffbe356e000 	C:\WINDOWS\SYSTEM32\DBGHELP.DLL
0x00007ffbe8210000 - 0x00007ffbe859a000 	C:\WINDOWS\System32\combase.dll
0x00007ffbe8130000 - 0x00007ffbe8207000 	C:\WINDOWS\System32\OLEAUT32.dll
0x00007ffbc7420000 - 0x00007ffbc7452000 	C:\WINDOWS\SYSTEM32\dbgcore.DLL
0x00007ffbe5d70000 - 0x00007ffbe5dea000 	C:\WINDOWS\System32\bcryptPrimitives.dll
0x00007ffb341c0000 - 0x00007ffb341e6000 	C:\Program Files\Java\jdk-20\bin\java.dll

dbghelp: loaded successfully - version: 4.0.5 - missing functions: none
symbol engine: initialized successfully - sym options: 0x614 - pdb path: .;C:\Program Files\Java\jdk-20\bin;C:\WINDOWS\SYSTEM32;C:\WINDOWS\WinSxS\amd64_microsoft.windows.common-controls_6595b64144ccf1df_6.0.22621.2361_none_2712ced57382f843;C:\Program Files\Java\jdk-20\bin\server

VM Arguments:
jvm_args: -Dfile.encoding=UTF-8 --module-path=E:\Java-2023\Java-Projects\Travel-Tourism\build\classes 
java_command: travel.tourism.Dashboard
java_class_path (initial): E:\mysql-connector-java-8.0.28.jar;E:\Java-2023\Java-Projects\Travel-Tourism\build\classes
Launcher Type: SUN_STANDARD

[Global flags]
     intx CICompilerCount                          = 3                                         {product} {ergonomic}
     uint ConcGCThreads                            = 1                                         {product} {ergonomic}
     uint G1ConcRefinementThreads                  = 4                                         {product} {ergonomic}
   size_t G1HeapRegionSize                         = 4194304                                   {product} {ergonomic}
    uintx GCDrainStackTargetSize                   = 64                                        {product} {ergonomic}
   size_t InitialHeapSize                          = 331350016                                 {product} {ergonomic}
   size_t MarkStackSize                            = 4194304                                   {product} {ergonomic}
   size_t MaxHeapSize                              = 5276434432                                {product} {ergonomic}
   size_t MinHeapDeltaBytes                        = 4194304                                   {product} {ergonomic}
   size_t MinHeapSize                              = 8388608                                   {product} {ergonomic}
    uintx NonNMethodCodeHeapSize                   = 5832780                                {pd product} {ergonomic}
    uintx NonProfiledCodeHeapSize                  = 122912730                              {pd product} {ergonomic}
    uintx ProfiledCodeHeapSize                     = 122912730                              {pd product} {ergonomic}
    uintx ReservedCodeCacheSize                    = 251658240                              {pd product} {ergonomic}
     bool SegmentedCodeCache                       = true                                      {product} {ergonomic}
   size_t SoftMaxHeapSize                          = 5276434432                             {manageable} {ergonomic}
     bool UseCompressedClassPointers               = true                           {product lp64_product} {ergonomic}
     bool UseCompressedOops                        = true                           {product lp64_product} {ergonomic}
     bool UseG1GC                                  = true                                      {product} {ergonomic}
     bool UseLargePagesIndividualAllocation        = false                                  {pd product} {ergonomic}

Logging:
Log output configuration:
 #0: stdout all=warning uptime,level,tags foldmultilines=false
 #1: stderr all=off uptime,level,tags foldmultilines=false

Environment Variables:
JAVA_HOME=C:\Program Files\Java\jdk-20
PATH=C:\Program Files\Common Files\Oracle\Java\javapath;C:\Program Files (x86)\Common Files\Oracle\Java\javapath;C:\WINDOWS\system32;C:\WINDOWS;C:\WINDOWS\System32\Wbem;C:\WINDOWS\System32\WindowsPowerShell\v1.0\;C:\WINDOWS\System32\OpenSSH\;C:\Program Files\Git\cmd;D:\;C:\Program Files\Java\jdk-20\bin;C:\Users\HP\AppData\Local\Microsoft\WindowsApps;D:\Microsoft VS Code\bin;C:\Users\HP\AppData\Roaming\npm;
USERNAME=HP
OS=Windows_NT
PROCESSOR_IDENTIFIER=Intel64 Family 6 Model 140 Stepping 1, GenuineIntel
TMP=C:\Users\HP\AppData\Local\Temp
TEMP=C:\Users\HP\AppData\Local\Temp




---------------  S Y S T E M  ---------------

OS:
 Windows 11 , 64 bit Build 22621 (10.0.22621.2428)
OS uptime: 0 days 5:32 hours
Hyper-V role detected

CPU: total 4 (initial active 4) (2 cores per cpu, 2 threads per core) family 6 model 140 stepping 1 microcode 0xaa, cx8, cmov, fxsr, ht, mmx, 3dnowpref, sse, sse2, sse3, ssse3, sse4.1, sse4.2, popcnt, lzcnt, tsc, tscinvbit, avx, avx2, aes, erms, clmul, bmi1, bmi2, adx, avx512f, avx512dq, avx512cd, avx512bw, avx512vl, sha, fma, vzeroupper, avx512_vpopcntdq, avx512_vpclmulqdq, avx512_vaes, avx512_vnni, clflush, clflushopt, clwb, avx512_vbmi2, avx512_vbmi, hv, rdtscp, rdpid, fsrm, gfni, avx512_bitalg, f16c, cet_ibt, cet_ss, avx512_ifma

Memory: 4k page, system-wide physical 20122M (10254M free)
TotalPageFile size 39327M (AvailPageFile size 289M)
current process WorkingSet (physical memory assigned to process): 11M, peak: 11M
current process commit charge ("private bytes"): 52M, peak: 368M

vm_info: Java HotSpot(TM) 64-Bit Server VM (20.0.2+9-78) for windows-amd64 JRE (20.0.2+9-78), built on 2023-06-14T10:08:48Z by "mach5one" with MS VC++ 17.1 (VS2022)

END.
